2025-10-07 16:39:55,367 - httpx - INFO - HTTP Request: GET https://ypcixaxoslrsyyddxerp.supabase.co/rest/v1/tracked_objects?select=%2A&order=created_at.desc "HTTP/2 200 OK"
2025-10-07 16:39:55,480 - httpx - INFO - HTTP Request: GET https://ypcixaxoslrsyyddxerp.supabase.co/rest/v1/tracked_objects?select=%2A&order=created_at.desc "HTTP/2 200 OK"
2025-10-07 16:39:55,710 - httpx - INFO - HTTP Request: GET https://ypcixaxoslrsyyddxerp.supabase.co/rest/v1/tracked_objects?select=%2A&order=created_at.desc "HTTP/2 200 OK"
2025-10-07 16:39:55,790 - httpx - INFO - HTTP Request: GET https://ypcixaxoslrsyyddxerp.supabase.co/rest/v1/tracked_objects?select=%2A&order=created_at.desc "HTTP/2 200 OK"
2025-10-07 16:39:55,897 - httpx - INFO - HTTP Request: GET https://ypcixaxoslrsyyddxerp.supabase.co/rest/v1/tracked_objects?select=%2A&order=created_at.desc "HTTP/2 200 OK"
2025-10-07 16:39:55,981 - httpx - INFO - HTTP Request: GET https://ypcixaxoslrsyyddxerp.supabase.co/rest/v1/tracked_objects?select=%2A&order=created_at.desc "HTTP/2 200 OK"
2025-10-07 16:39:56,212 - httpx - INFO - HTTP Request: GET https://ypcixaxoslrsyyddxerp.supabase.co/rest/v1/tracked_objects?select=%2A&order=created_at.desc "HTTP/2 200 OK"
2025-10-07 16:39:56,298 - httpx - INFO - HTTP Request: GET https://ypcixaxoslrsyyddxerp.supabase.co/rest/v1/tracked_objects?select=%2A&order=created_at.desc "HTTP/2 200 OK"
2025-10-07 16:40:24,934 - httpx - INFO - HTTP Request: GET https://ypcixaxoslrsyyddxerp.supabase.co/rest/v1/tracked_objects?select=%2A&order=created_at.desc "HTTP/2 200 OK"
2025-10-07 16:40:54,964 - httpx - INFO - HTTP Request: GET https://ypcixaxoslrsyyddxerp.supabase.co/rest/v1/tracked_objects?select=%2A&order=created_at.desc "HTTP/2 200 OK"
2025-10-07 16:41:25,332 - httpx - INFO - HTTP Request: GET https://ypcixaxoslrsyyddxerp.supabase.co/rest/v1/tracked_objects?select=%2A&order=created_at.desc "HTTP/2 200 OK"
2025-10-07 16:41:55,133 - httpx - INFO - HTTP Request: GET https://ypcixaxoslrsyyddxerp.supabase.co/rest/v1/tracked_objects?select=%2A&order=created_at.desc "HTTP/2 200 OK"
2025-10-07 16:42:16,236 - httpx - INFO - HTTP Request: GET https://ypcixaxoslrsyyddxerp.supabase.co/rest/v1/tracked_objects?select=%2A&order=created_at.desc "HTTP/2 200 OK"
2025-10-07 16:42:16,337 - httpx - INFO - HTTP Request: GET https://ypcixaxoslrsyyddxerp.supabase.co/rest/v1/tracked_objects?select=%2A&order=created_at.desc "HTTP/2 200 OK"
2025-10-07 16:42:16,450 - httpx - INFO - HTTP Request: GET https://ypcixaxoslrsyyddxerp.supabase.co/rest/v1/tracked_objects?select=%2A&order=created_at.desc "HTTP/2 200 OK"
2025-10-07 16:42:16,519 - httpx - INFO - HTTP Request: GET https://ypcixaxoslrsyyddxerp.supabase.co/rest/v1/tracked_objects?select=%2A&order=created_at.desc "HTTP/2 200 OK"
2025-10-07 16:42:16,798 - httpx - INFO - HTTP Request: GET https://ypcixaxoslrsyyddxerp.supabase.co/rest/v1/tracked_objects?select=%2A&order=created_at.desc "HTTP/2 200 OK"
2025-10-07 16:42:16,891 - httpx - INFO - HTTP Request: GET https://ypcixaxoslrsyyddxerp.supabase.co/rest/v1/tracked_objects?select=%2A&order=created_at.desc "HTTP/2 200 OK"
2025-10-07 16:42:16,982 - httpx - INFO - HTTP Request: GET https://ypcixaxoslrsyyddxerp.supabase.co/rest/v1/tracked_objects?select=%2A&order=created_at.desc "HTTP/2 200 OK"
2025-10-07 16:42:17,148 - httpx - INFO - HTTP Request: GET https://ypcixaxoslrsyyddxerp.supabase.co/rest/v1/tracked_objects?select=%2A&order=created_at.desc "HTTP/2 200 OK"
2025-10-07 16:42:47,134 - httpx - INFO - HTTP Request: GET https://ypcixaxoslrsyyddxerp.supabase.co/rest/v1/tracked_objects?select=%2A&order=created_at.desc "HTTP/2 200 OK"
2025-10-07 16:43:17,969 - httpx - INFO - HTTP Request: GET https://ypcixaxoslrsyyddxerp.supabase.co/rest/v1/tracked_objects?select=%2A&order=created_at.desc "HTTP/2 200 OK"
2025-10-07 16:43:47,088 - httpx - INFO - HTTP Request: GET https://ypcixaxoslrsyyddxerp.supabase.co/rest/v1/tracked_objects?select=%2A&order=created_at.desc "HTTP/2 200 OK"
2025-10-07 16:44:17,220 - httpx - INFO - HTTP Request: GET https://ypcixaxoslrsyyddxerp.supabase.co/rest/v1/tracked_objects?select=%2A&order=created_at.desc "HTTP/2 200 OK"
2025-10-07 16:44:47,193 - httpx - INFO - HTTP Request: GET https://ypcixaxoslrsyyddxerp.supabase.co/rest/v1/tracked_objects?select=%2A&order=created_at.desc "HTTP/2 200 OK"
2025-10-07 16:45:17,090 - httpx - INFO - HTTP Request: GET https://ypcixaxoslrsyyddxerp.supabase.co/rest/v1/tracked_objects?select=%2A&order=created_at.desc "HTTP/2 200 OK"
2025-10-07 16:46:08,517 - httpx - INFO - HTTP Request: GET https://ypcixaxoslrsyyddxerp.supabase.co/rest/v1/tracked_objects?select=%2A&order=created_at.desc "HTTP/2 200 OK"
2025-10-07 16:46:29,090 - httpx - INFO - HTTP Request: GET https://ypcixaxoslrsyyddxerp.supabase.co/rest/v1/tracked_objects?select=%2A&order=created_at.desc "HTTP/2 200 OK"
2025-10-07 16:46:29,131 - httpx - INFO - HTTP Request: GET https://ypcixaxoslrsyyddxerp.supabase.co/rest/v1/tracked_objects?select=%2A&order=created_at.desc "HTTP/2 200 OK"
2025-10-07 16:46:29,175 - httpx - INFO - HTTP Request: GET https://ypcixaxoslrsyyddxerp.supabase.co/rest/v1/tracked_objects?select=%2A&order=created_at.desc "HTTP/2 200 OK"
2025-10-07 16:46:29,236 - httpx - INFO - HTTP Request: GET https://ypcixaxoslrsyyddxerp.supabase.co/rest/v1/tracked_objects?select=%2A&order=created_at.desc "HTTP/2 200 OK"
2025-10-07 16:46:29,346 - httpx - INFO - HTTP Request: GET https://ypcixaxoslrsyyddxerp.supabase.co/rest/v1/tracked_objects?select=%2A&order=created_at.desc "HTTP/2 200 OK"
2025-10-07 16:46:29,412 - httpx - INFO - HTTP Request: GET https://ypcixaxoslrsyyddxerp.supabase.co/rest/v1/tracked_objects?select=%2A&order=created_at.desc "HTTP/2 200 OK"
2025-10-07 16:46:40,472 - httpx - INFO - HTTP Request: GET https://ypcixaxoslrsyyddxerp.supabase.co/rest/v1/tracked_objects?select=%2A&order=created_at.desc "HTTP/2 200 OK"
2025-10-07 16:46:46,393 - httpx - INFO - HTTP Request: GET https://ypcixaxoslrsyyddxerp.supabase.co/rest/v1/tracked_objects?select=%2A&order=created_at.desc "HTTP/2 200 OK"
2025-10-07 16:46:48,086 - httpx - INFO - HTTP Request: GET https://ypcixaxoslrsyyddxerp.supabase.co/rest/v1/tracked_objects?select=%2A&order=created_at.desc "HTTP/2 200 OK"
2025-10-07 16:46:48,215 - httpx - INFO - HTTP Request: GET https://ypcixaxoslrsyyddxerp.supabase.co/rest/v1/tracked_objects?select=%2A&order=created_at.desc "HTTP/2 200 OK"
2025-10-07 16:46:48,296 - httpx - INFO - HTTP Request: GET https://ypcixaxoslrsyyddxerp.supabase.co/rest/v1/tracked_objects?select=%2A&order=created_at.desc "HTTP/2 200 OK"
2025-10-07 16:46:48,368 - httpx - INFO - HTTP Request: GET https://ypcixaxoslrsyyddxerp.supabase.co/rest/v1/tracked_objects?select=%2A&order=created_at.desc "HTTP/2 200 OK"
2025-10-07 16:46:48,573 - httpx - INFO - HTTP Request: GET https://ypcixaxoslrsyyddxerp.supabase.co/rest/v1/tracked_objects?select=%2A&order=created_at.desc "HTTP/2 200 OK"
2025-10-07 16:46:48,747 - httpx - INFO - HTTP Request: GET https://ypcixaxoslrsyyddxerp.supabase.co/rest/v1/tracked_objects?select=%2A&order=created_at.desc "HTTP/2 200 OK"
2025-10-07 16:46:48,856 - httpx - INFO - HTTP Request: GET https://ypcixaxoslrsyyddxerp.supabase.co/rest/v1/tracked_objects?select=%2A&order=created_at.desc "HTTP/2 200 OK"
2025-10-07 16:46:48,921 - httpx - INFO - HTTP Request: GET https://ypcixaxoslrsyyddxerp.supabase.co/rest/v1/tracked_objects?select=%2A&order=created_at.desc "HTTP/2 200 OK"
2025-10-07 16:47:19,172 - httpx - INFO - HTTP Request: GET https://ypcixaxoslrsyyddxerp.supabase.co/rest/v1/tracked_objects?select=%2A&order=created_at.desc "HTTP/2 200 OK"
2025-10-07 16:47:49,311 - httpx - INFO - HTTP Request: GET https://ypcixaxoslrsyyddxerp.supabase.co/rest/v1/tracked_objects?select=%2A&order=created_at.desc "HTTP/2 200 OK"
2025-10-07 16:48:19,121 - httpx - INFO - HTTP Request: GET https://ypcixaxoslrsyyddxerp.supabase.co/rest/v1/tracked_objects?select=%2A&order=created_at.desc "HTTP/2 200 OK"
2025-10-07 16:48:48,161 - httpx - INFO - HTTP Request: GET https://ypcixaxoslrsyyddxerp.supabase.co/rest/v1/tracked_objects?select=%2A&order=created_at.desc "HTTP/2 200 OK"
2025-10-07 16:49:18,217 - httpx - INFO - HTTP Request: GET https://ypcixaxoslrsyyddxerp.supabase.co/rest/v1/tracked_objects?select=%2A&order=created_at.desc "HTTP/2 200 OK"
2025-10-07 16:49:29,996 - httpx - INFO - HTTP Request: GET https://ypcixaxoslrsyyddxerp.supabase.co/rest/v1/tracked_objects?select=%2A&name=eq.magazine "HTTP/2 200 OK"
2025-10-07 16:49:30,107 - httpx - INFO - HTTP Request: POST https://ypcixaxoslrsyyddxerp.supabase.co/rest/v1/tracked_objects "HTTP/2 201 Created"
2025-10-07 16:49:30,160 - httpx - INFO - HTTP Request: GET https://ypcixaxoslrsyyddxerp.supabase.co/rest/v1/tracked_objects?select=%2A&order=created_at.desc "HTTP/2 200 OK"
2025-10-07 16:49:39,080 - httpx - INFO - HTTP Request: GET https://ypcixaxoslrsyyddxerp.supabase.co/rest/v1/tracked_objects?select=%2A&or=%28name.ilike.%25magazine%25%2Calias.ilike.%25magazine%25%29 "HTTP/2 200 OK"
2025-10-07 16:49:48,197 - httpx - INFO - HTTP Request: GET https://ypcixaxoslrsyyddxerp.supabase.co/rest/v1/tracked_objects?select=%2A&order=created_at.desc "HTTP/2 200 OK"
2025-10-07 16:49:51,296 - httpx - INFO - HTTP Request: GET https://ypcixaxoslrsyyddxerp.supabase.co/rest/v1/tracked_objects?select=%2A&or=%28name.ilike.%25magazine%25%2Calias.ilike.%25magazine%25%29 "HTTP/2 200 OK"
2025-10-07 16:49:54,914 - httpx - INFO - HTTP Request: GET https://ypcixaxoslrsyyddxerp.supabase.co/rest/v1/tracked_objects?select=%2A&or=%28name.ilike.%25magazine%25%2Calias.ilike.%25magazine%25%29 "HTTP/2 200 OK"
2025-10-07 16:49:56,010 - httpx - INFO - HTTP Request: GET https://ypcixaxoslrsyyddxerp.supabase.co/rest/v1/tracked_objects?select=%2A&or=%28name.ilike.%25magazine%25%2Calias.ilike.%25magazine%25%29 "HTTP/2 200 OK"
2025-10-07 16:49:56,864 - httpx - INFO - HTTP Request: GET https://ypcixaxoslrsyyddxerp.supabase.co/rest/v1/tracked_objects?select=%2A&or=%28name.ilike.%25magazine%25%2Calias.ilike.%25magazine%25%29 "HTTP/2 200 OK"
2025-10-07 16:50:15,019 - httpx - INFO - HTTP Request: GET https://ypcixaxoslrsyyddxerp.supabase.co/rest/v1/tracked_objects?select=%2A&name=eq.fireplace "HTTP/2 200 OK"
2025-10-07 16:50:15,107 - httpx - INFO - HTTP Request: POST https://ypcixaxoslrsyyddxerp.supabase.co/rest/v1/tracked_objects "HTTP/2 201 Created"
2025-10-07 16:50:15,173 - httpx - INFO - HTTP Request: GET https://ypcixaxoslrsyyddxerp.supabase.co/rest/v1/tracked_objects?select=%2A&order=created_at.desc "HTTP/2 200 OK"
2025-10-07 16:50:18,091 - httpx - INFO - HTTP Request: GET https://ypcixaxoslrsyyddxerp.supabase.co/rest/v1/tracked_objects?select=%2A&order=created_at.desc "HTTP/2 200 OK"
2025-10-07 16:50:21,335 - httpx - INFO - HTTP Request: GET https://ypcixaxoslrsyyddxerp.supabase.co/rest/v1/tracked_objects?select=%2A&or=%28name.ilike.%25fireplace%25%2Calias.ilike.%25fireplace%25%29 "HTTP/2 200 OK"
2025-10-07 16:50:22,564 - httpx - INFO - HTTP Request: GET https://ypcixaxoslrsyyddxerp.supabase.co/rest/v1/tracked_objects?select=%2A&or=%28name.ilike.%25fireplace%25%2Calias.ilike.%25fireplace%25%29 "HTTP/2 200 OK"
2025-10-07 16:50:48,141 - httpx - INFO - HTTP Request: GET https://ypcixaxoslrsyyddxerp.supabase.co/rest/v1/tracked_objects?select=%2A&order=created_at.desc "HTTP/2 200 OK"
2025-10-07 16:51:18,185 - httpx - INFO - HTTP Request: GET https://ypcixaxoslrsyyddxerp.supabase.co/rest/v1/tracked_objects?select=%2A&order=created_at.desc "HTTP/2 200 OK"
2025-10-07 16:51:48,274 - httpx - INFO - HTTP Request: GET https://ypcixaxoslrsyyddxerp.supabase.co/rest/v1/tracked_objects?select=%2A&order=created_at.desc "HTTP/2 200 OK"
2025-10-07 16:51:57,247 - httpx - INFO - HTTP Request: GET https://ypcixaxoslrsyyddxerp.supabase.co/rest/v1/tracked_objects?select=%2A&name=eq.airpods "HTTP/2 200 OK"
2025-10-07 16:51:57,330 - httpx - INFO - HTTP Request: POST https://ypcixaxoslrsyyddxerp.supabase.co/rest/v1/tracked_objects "HTTP/2 201 Created"
2025-10-07 16:51:57,616 - httpx - INFO - HTTP Request: GET https://ypcixaxoslrsyyddxerp.supabase.co/rest/v1/tracked_objects?select=%2A&order=created_at.desc "HTTP/2 200 OK"
2025-10-07 16:52:07,666 - httpx - INFO - HTTP Request: GET https://ypcixaxoslrsyyddxerp.supabase.co/rest/v1/tracked_objects?select=%2A&or=%28name.ilike.%25airpods%25%2Calias.ilike.%25airpods%25%29 "HTTP/2 200 OK"
2025-10-07 16:52:18,253 - httpx - INFO - HTTP Request: GET https://ypcixaxoslrsyyddxerp.supabase.co/rest/v1/tracked_objects?select=%2A&order=created_at.desc "HTTP/2 200 OK"
2025-10-07 16:52:49,319 - httpx - INFO - HTTP Request: GET https://ypcixaxoslrsyyddxerp.supabase.co/rest/v1/tracked_objects?select=%2A&order=created_at.desc "HTTP/2 200 OK"
2025-10-07 16:53:19,287 - httpx - INFO - HTTP Request: GET https://ypcixaxoslrsyyddxerp.supabase.co/rest/v1/tracked_objects?select=%2A&order=created_at.desc "HTTP/2 200 OK"
2025-10-07 16:53:48,687 - httpx - INFO - HTTP Request: GET https://ypcixaxoslrsyyddxerp.supabase.co/rest/v1/tracked_objects?select=%2A&order=created_at.desc "HTTP/2 200 OK"
2025-10-07 17:05:28,857 - httpx - INFO - HTTP Request: GET https://ypcixaxoslrsyyddxerp.supabase.co/rest/v1/tracked_objects?select=%2A&order=created_at.desc "HTTP/2 200 OK"
2025-10-07 17:05:29,084 - httpx - INFO - HTTP Request: GET https://ypcixaxoslrsyyddxerp.supabase.co/rest/v1/tracked_objects?select=%2A&order=created_at.desc "HTTP/2 200 OK"
2025-10-07 17:05:29,175 - httpx - INFO - HTTP Request: GET https://ypcixaxoslrsyyddxerp.supabase.co/rest/v1/tracked_objects?select=%2A&order=created_at.desc "HTTP/2 200 OK"
2025-10-07 17:05:29,258 - httpx - INFO - HTTP Request: GET https://ypcixaxoslrsyyddxerp.supabase.co/rest/v1/tracked_objects?select=%2A&order=created_at.desc "HTTP/2 200 OK"
2025-10-07 17:05:29,507 - httpx - INFO - HTTP Request: GET https://ypcixaxoslrsyyddxerp.supabase.co/rest/v1/tracked_objects?select=%2A&order=created_at.desc "HTTP/2 200 OK"
2025-10-07 17:05:29,615 - httpx - INFO - HTTP Request: GET https://ypcixaxoslrsyyddxerp.supabase.co/rest/v1/tracked_objects?select=%2A&order=created_at.desc "HTTP/2 200 OK"
2025-10-07 17:05:29,800 - httpx - INFO - HTTP Request: GET https://ypcixaxoslrsyyddxerp.supabase.co/rest/v1/tracked_objects?select=%2A&order=created_at.desc "HTTP/2 200 OK"
2025-10-07 17:05:29,900 - httpx - INFO - HTTP Request: GET https://ypcixaxoslrsyyddxerp.supabase.co/rest/v1/tracked_objects?select=%2A&order=created_at.desc "HTTP/2 200 OK"
2025-10-07 17:06:06,349 - httpx - INFO - HTTP Request: GET https://ypcixaxoslrsyyddxerp.supabase.co/rest/v1/tracked_objects?select=%2A&order=created_at.desc "HTTP/2 200 OK"
2025-10-07 17:06:26,256 - httpx - INFO - HTTP Request: GET https://ypcixaxoslrsyyddxerp.supabase.co/rest/v1/tracked_objects?select=%2A&order=created_at.desc "HTTP/2 200 OK"
2025-10-07 17:23:05,079 - httpx - INFO - HTTP Request: GET https://ypcixaxoslrsyyddxerp.supabase.co/rest/v1/tracked_objects?select=%2A&order=created_at.desc "HTTP/2 200 OK"
2025-10-07 17:23:05,194 - httpx - INFO - HTTP Request: GET https://ypcixaxoslrsyyddxerp.supabase.co/rest/v1/tracked_objects?select=%2A&order=created_at.desc "HTTP/2 200 OK"
2025-10-07 17:23:05,274 - httpx - INFO - HTTP Request: GET https://ypcixaxoslrsyyddxerp.supabase.co/rest/v1/tracked_objects?select=%2A&order=created_at.desc "HTTP/2 200 OK"
2025-10-07 17:23:05,373 - httpx - INFO - HTTP Request: GET https://ypcixaxoslrsyyddxerp.supabase.co/rest/v1/tracked_objects?select=%2A&order=created_at.desc "HTTP/2 200 OK"
2025-10-07 17:23:05,476 - httpx - INFO - HTTP Request: GET https://ypcixaxoslrsyyddxerp.supabase.co/rest/v1/tracked_objects?select=%2A&order=created_at.desc "HTTP/2 200 OK"
2025-10-07 17:23:05,604 - httpx - INFO - HTTP Request: GET https://ypcixaxoslrsyyddxerp.supabase.co/rest/v1/tracked_objects?select=%2A&order=created_at.desc "HTTP/2 200 OK"
2025-10-07 17:23:05,750 - httpx - INFO - HTTP Request: GET https://ypcixaxoslrsyyddxerp.supabase.co/rest/v1/tracked_objects?select=%2A&order=created_at.desc "HTTP/2 200 OK"
2025-10-07 17:23:05,827 - httpx - INFO - HTTP Request: GET https://ypcixaxoslrsyyddxerp.supabase.co/rest/v1/tracked_objects?select=%2A&order=created_at.desc "HTTP/2 200 OK"
2025-10-07 17:23:16,746 - httpx - INFO - HTTP Request: GET https://ypcixaxoslrsyyddxerp.supabase.co/rest/v1/tracked_objects?select=%2A&or=%28name.ilike.%25keys%25%2Calias.ilike.%25keys%25%29 "HTTP/2 200 OK"
2025-10-07 17:23:17,010 - utils.performance - INFO - ⚡ memories_api_search completed in 0.26s
2025-10-07 17:23:35,610 - httpx - INFO - HTTP Request: GET https://ypcixaxoslrsyyddxerp.supabase.co/rest/v1/tracked_objects?select=%2A&order=created_at.desc "HTTP/2 200 OK"
2025-10-07 17:23:35,669 - httpx - INFO - HTTP Request: GET https://ypcixaxoslrsyyddxerp.supabase.co/rest/v1/tracked_objects?select=%2A&order=created_at.desc "HTTP/2 200 OK"
2025-10-07 17:23:35,761 - httpx - INFO - HTTP Request: GET https://ypcixaxoslrsyyddxerp.supabase.co/rest/v1/tracked_objects?select=%2A&order=created_at.desc "HTTP/2 200 OK"
2025-10-07 17:23:35,865 - httpx - INFO - HTTP Request: GET https://ypcixaxoslrsyyddxerp.supabase.co/rest/v1/tracked_objects?select=%2A&order=created_at.desc "HTTP/2 200 OK"
2025-10-07 17:23:36,018 - httpx - INFO - HTTP Request: GET https://ypcixaxoslrsyyddxerp.supabase.co/rest/v1/tracked_objects?select=%2A&order=created_at.desc "HTTP/2 200 OK"
2025-10-07 17:23:36,084 - httpx - INFO - HTTP Request: GET https://ypcixaxoslrsyyddxerp.supabase.co/rest/v1/tracked_objects?select=%2A&order=created_at.desc "HTTP/2 200 OK"
2025-10-07 17:23:36,150 - httpx - INFO - HTTP Request: GET https://ypcixaxoslrsyyddxerp.supabase.co/rest/v1/tracked_objects?select=%2A&order=created_at.desc "HTTP/2 200 OK"
2025-10-07 17:23:36,216 - httpx - INFO - HTTP Request: GET https://ypcixaxoslrsyyddxerp.supabase.co/rest/v1/tracked_objects?select=%2A&order=created_at.desc "HTTP/2 200 OK"
2025-10-07 17:24:04,396 - httpx - INFO - HTTP Request: GET https://ypcixaxoslrsyyddxerp.supabase.co/rest/v1/tracked_objects?select=%2A&order=created_at.desc "HTTP/2 200 OK"
2025-10-07 17:24:36,834 - httpx - INFO - HTTP Request: GET https://ypcixaxoslrsyyddxerp.supabase.co/rest/v1/tracked_objects?select=%2A&order=created_at.desc "HTTP/2 200 OK"
2025-10-07 17:24:36,947 - httpx - INFO - HTTP Request: GET https://ypcixaxoslrsyyddxerp.supabase.co/rest/v1/tracked_objects?select=%2A&order=created_at.desc "HTTP/2 200 OK"
2025-10-07 17:24:37,007 - httpx - INFO - HTTP Request: GET https://ypcixaxoslrsyyddxerp.supabase.co/rest/v1/tracked_objects?select=%2A&order=created_at.desc "HTTP/2 200 OK"
2025-10-07 17:24:37,066 - httpx - INFO - HTTP Request: GET https://ypcixaxoslrsyyddxerp.supabase.co/rest/v1/tracked_objects?select=%2A&order=created_at.desc "HTTP/2 200 OK"
2025-10-07 17:24:37,118 - httpx - INFO - HTTP Request: GET https://ypcixaxoslrsyyddxerp.supabase.co/rest/v1/tracked_objects?select=%2A&order=created_at.desc "HTTP/2 200 OK"
2025-10-07 17:24:37,185 - httpx - INFO - HTTP Request: GET https://ypcixaxoslrsyyddxerp.supabase.co/rest/v1/tracked_objects?select=%2A&order=created_at.desc "HTTP/2 200 OK"
2025-10-07 17:24:37,252 - httpx - INFO - HTTP Request: GET https://ypcixaxoslrsyyddxerp.supabase.co/rest/v1/tracked_objects?select=%2A&order=created_at.desc "HTTP/2 200 OK"
2025-10-07 17:24:37,360 - httpx - INFO - HTTP Request: GET https://ypcixaxoslrsyyddxerp.supabase.co/rest/v1/tracked_objects?select=%2A&order=created_at.desc "HTTP/2 200 OK"
2025-10-07 17:25:07,239 - httpx - INFO - HTTP Request: GET https://ypcixaxoslrsyyddxerp.supabase.co/rest/v1/tracked_objects?select=%2A&order=created_at.desc "HTTP/2 200 OK"
2025-10-07 17:25:37,121 - httpx - INFO - HTTP Request: GET https://ypcixaxoslrsyyddxerp.supabase.co/rest/v1/tracked_objects?select=%2A&order=created_at.desc "HTTP/2 200 OK"
2025-10-07 17:26:07,106 - httpx - INFO - HTTP Request: GET https://ypcixaxoslrsyyddxerp.supabase.co/rest/v1/tracked_objects?select=%2A&order=created_at.desc "HTTP/2 200 OK"
2025-10-07 17:26:37,092 - httpx - INFO - HTTP Request: GET https://ypcixaxoslrsyyddxerp.supabase.co/rest/v1/tracked_objects?select=%2A&order=created_at.desc "HTTP/2 200 OK"
2025-10-07 17:27:07,127 - httpx - INFO - HTTP Request: GET https://ypcixaxoslrsyyddxerp.supabase.co/rest/v1/tracked_objects?select=%2A&order=created_at.desc "HTTP/2 200 OK"
2025-10-07 17:27:37,108 - httpx - INFO - HTTP Request: GET https://ypcixaxoslrsyyddxerp.supabase.co/rest/v1/tracked_objects?select=%2A&order=created_at.desc "HTTP/2 200 OK"
2025-10-07 17:28:07,022 - httpx - INFO - HTTP Request: GET https://ypcixaxoslrsyyddxerp.supabase.co/rest/v1/tracked_objects?select=%2A&order=created_at.desc "HTTP/2 200 OK"
2025-10-07 17:29:08,573 - httpx - INFO - HTTP Request: GET https://ypcixaxoslrsyyddxerp.supabase.co/rest/v1/tracked_objects?select=%2A&order=created_at.desc "HTTP/2 200 OK"
2025-10-07 17:30:09,339 - httpx - INFO - HTTP Request: GET https://ypcixaxoslrsyyddxerp.supabase.co/rest/v1/tracked_objects?select=%2A&order=created_at.desc "HTTP/2 200 OK"
2025-10-07 17:30:37,240 - httpx - INFO - HTTP Request: GET https://ypcixaxoslrsyyddxerp.supabase.co/rest/v1/tracked_objects?select=%2A&order=created_at.desc "HTTP/2 200 OK"
2025-10-07 17:31:07,087 - httpx - INFO - HTTP Request: GET https://ypcixaxoslrsyyddxerp.supabase.co/rest/v1/tracked_objects?select=%2A&order=created_at.desc "HTTP/2 200 OK"
2025-10-07 17:32:08,305 - httpx - INFO - HTTP Request: GET https://ypcixaxoslrsyyddxerp.supabase.co/rest/v1/tracked_objects?select=%2A&order=created_at.desc "HTTP/2 200 OK"
2025-10-07 17:32:37,076 - httpx - INFO - HTTP Request: GET https://ypcixaxoslrsyyddxerp.supabase.co/rest/v1/tracked_objects?select=%2A&order=created_at.desc "HTTP/2 200 OK"
2025-10-07 17:33:08,432 - httpx - INFO - HTTP Request: GET https://ypcixaxoslrsyyddxerp.supabase.co/rest/v1/tracked_objects?select=%2A&order=created_at.desc "HTTP/2 200 OK"
